<?xml version="1.0" encoding="UTF-8"?>
<testsuite xmlns:xsi="http://www.w3.org/2001/XMLSchema-instance" xsi:noNamespaceSchemaLocation="https://maven.apache.org/surefire/maven-surefire-plugin/xsd/surefire-test-report.xsd" name="TestSuite" time="42.178" tests="1" errors="0" skipped="0" failures="1">
  <properties>
[...]
</properties>
  <testcase name="VerifyTitle" classname="MyJenkinsTest.TestOne" time="37.47">
    <failure message="session not created: This version of ChromeDriver only supports Chrome version 78&#10;Build info: version: &apos;3.141.59&apos;, revision: &apos;e82be7d358&apos;, time: &apos;2018-11-14T08:17:03&apos;&#10;System info: host: &apos;GAUTAM-PC&apos;, ip: &apos;192.168.0.129&apos;, os.name: &apos;Windows 7&apos;, os.arch: &apos;amd64&apos;, os.version: &apos;6.1&apos;, java.version: &apos;1.8.0_221&apos;&#10;Driver info: driver.version: ChromeDriver&#10;remote stacktrace: Backtrace:&#10;	Ordinal0 [0x009DAA43+1550915]&#10;	Ordinal0 [0x0095A901+1026305]&#10;	Ordinal0 [0x008DC915+510229]&#10;	Ordinal0 [0x0086FC68+64616]&#10;	Ordinal0 [0x0086C594+50580]&#10;	Ordinal0 [0x0088ACE7+175335]&#10;	Ordinal0 [0x0088A8ED+174317]&#10;	Ordinal0 [0x00888CDB+167131]&#10;	Ordinal0 [0x0087144A+70730]&#10;	Ordinal0 [0x008724D0+74960]&#10;	Ordinal0 [0x00872469+74857]&#10;	Ordinal0 [0x009744C7+1131719]&#10;	GetHandleVerifier [0x00A7722D+523773]&#10;	GetHandleVerifier [0x00A76FC0+523152]&#10;	GetHandleVerifier [0x00A7E317+552679]&#10;	GetHandleVerifier [0x00A77A2A+525818]&#10;	Ordinal0 [0x0096B9FC+1096188]&#10;	Ordinal0 [0x0097653B+1140027]&#10;	Ordinal0 [0x009766A3+1140387]&#10;	Ordinal0 [0x00975625+1136165]&#10;	BaseThreadInitThunk [0x76633677+18]&#10;	RtlInitializeExceptionChain [0x77519D72+99]&#10;	RtlInitializeExceptionChain [0x77519D45+54]&#10;" type="org.openqa.selenium.SessionNotCreatedException">org.openqa.selenium.SessionNotCreatedException: 
session not created: This version of ChromeDriver only supports Chrome version 78
Build info: version: '3.141.59', revision: 'e82be7d358', time: '2018-11-14T08:17:03'
System info: host: 'GAUTAM-PC', ip: '192.168.0.129', os.name: 'Windows 7', os.arch: 'amd64', os.version: '6.1', java.version: '1.8.0_221'
Driver info: driver.version: ChromeDriver
remote stacktrace: Backtrace:
	Ordinal0 [0x009DAA43+1550915]
	Ordinal0 [0x0095A901+1026305]
	Ordinal0 [0x008DC915+510229]
	Ordinal0 [0x0086FC68+64616]
	Ordinal0 [0x0086C594+50580]
	Ordinal0 [0x0088ACE7+175335]
	Ordinal0 [0x0088A8ED+174317]
	Ordinal0 [0x00888CDB+167131]
	Ordinal0 [0x0087144A+70730]
	Ordinal0 [0x008724D0+74960]
	Ordinal0 [0x00872469+74857]
	Ordinal0 [0x009744C7+1131719]
	GetHandleVerifier [0x00A7722D+523773]
	GetHandleVerifier [0x00A76FC0+523152]
	GetHandleVerifier [0x00A7E317+552679]
	GetHandleVerifier [0x00A77A2A+525818]
	Ordinal0 [0x0096B9FC+1096188]
	Ordinal0 [0x0097653B+1140027]
	Ordinal0 [0x009766A3+1140387]
	Ordinal0 [0x00975625+1136165]
	BaseThreadInitThunk [0x76633677+18]
	RtlInitializeExceptionChain [0x77519D72+99]
	RtlInitializeExceptionChain [0x77519D45+54]

	at MyJenkinsTest.TestOne.VerifyTitle(TestOne.java:17)
</failure>
    <system-err><![CDATA[SLF4J: Failed to load class "org.slf4j.impl.StaticLoggerBinder".
SLF4J: Defaulting to no-operation (NOP) logger implementation
SLF4J: See http://www.slf4j.org/codes.html#StaticLoggerBinder for further details.
Starting ChromeDriver 78.0.3904.11 (eaaae9de6b8999773fa33f92ce1e1bbe294437cf-refs/branch-heads/3904@{#86}) on port 41299
Only local connections are allowed.
Please protect ports used by ChromeDriver and related test frameworks to prevent access by malicious code.
]]></system-err>
  </testcase>
</testsuite>